	
AX1H03.ITM : Opcode 341 : La ressource MOSPR05.eff n'existe pas.
AX1H03.ITM : Opcode 319 à gérer.
AX1H10.ITM : Opcode 341 : La ressource MOSPR05.eff n'existe pas.
AX1H10.ITM : Opcode 319 à gérer.
AX1H12.ITM : Opcode 341 : La ressource MOSPR05.eff n'existe pas.
AX1H12.ITM : Opcode 319 à gérer.
AX1H13.ITM : Opcode 341 : La ressource MOSPR05.eff n'existe pas.
AX1H13.ITM : Opcode 319 à gérer.
BDSW2H01.ITM : Opcode 232 à gérer.
BDSW2H01.ITM : Opcode 341 : La ressource BDSW2H01.eff n'existe pas.
BLUN23.ITM : Opcode 177 : La ressource mobln232.eff n'existe pas.
BLUN23.ITM : Opcode 177 : La ressource mobln231.eff n'existe pas.
BOW08.ITM : Opcode 341 : La ressource MOSPR03.eff n'existe pas.
BOW08.ITM : Opcode 319 à gérer.
BOW09.ITM : Opcode 341 : La ressource MOSPR03.eff n'existe pas.
BOW12.ITM : Opcode 341 : La ressource MOSPR03.eff n'existe pas.
BOW22.ITM : Opcode 341 : La ressource MOSPR03.eff n'existe pas.
BOW23.ITM : Opcode 341 : La ressource MOSPR03.eff n'existe pas.
HALB03.ITM : Opcode 341 : La ressource MOSPR02.eff n'existe pas.
HALB05.ITM : Opcode 341 : La ressource MOSPR02.eff n'existe pas.
HALB08.ITM : Opcode 341 : La ressource MOSPR02.eff n'existe pas.
HALB09.ITM : Opcode 341 : La ressource MOSPR02.eff n'existe pas.
HAMM03.ITM : Opcode 341 : La ressource MOSPR06.eff n'existe pas.
HAMM05.ITM : Opcode 341 : La ressource MOSPR06.eff n'existe pas.
HAMM07.ITM : Opcode 341 : La ressource MOSPR06.eff n'existe pas.
mo1h30.spl : MO1H03.ITM : Opcode 146 : Nom du sort introuvable pour mo1h30.spl.
MO1H07.ITM : Opcode 341 : La ressource MO1H07.eff n'existe pas.
MO1H30.ITM : Opcode 319 à gérer.
mo1h30.spl : MO1H30.ITM : Opcode 146 : Nom du sort introuvable pour mo1h30.spl.
bdsw1h21.spl : MO1H39.ITM : Opcode 146 : Nom du sort introuvable pour bdsw1h21.spl.
MO1H50.ITM : Opcode 324 : Immunité à une ressource (spl ou itm) différente de l'objet : MISC75
MO1H50.ITM : Opcode 324 : Immunité à une ressource (spl ou itm) différente de l'objet : MISC75
MO2H02.ITM : Opcode 341 : La ressource MO2H02.eff n'existe pas.
MOAX01.ITM : Opcode 341 : La ressource MOSPR05.eff n'existe pas.
MOAX01.ITM : Opcode 319 à gérer.
MOAX01.ITM : Opcode 206 : La ressource KLA#DEQD.eff n'existe pas.
MOAX02.ITM : Opcode 341 : La ressource MOSPR05.eff n'existe pas.
MOAX02.ITM : Opcode 319 à gérer.
MODAG01.ITM : Opcode 341 : La ressource MODAG01.eff n'existe pas.
bdsw1h21.spl : MODAG01.ITM : Opcode 146 : Nom du sort introuvable pour bdsw1h21.spl.
MOHAL01.ITM : Opcode 341 : La ressource MOSPR02.eff n'existe pas.
MOHAL01.ITM : Opcode 341 : La ressource MOHAL01.eff n'existe pas.
MOHAL02.ITM : Opcode 341 : La ressource MOSPR02.eff n'existe pas.
MOHM02.ITM : Opcode 341 : La ressource MOSPR06.eff n'existe pas.
MOMS01.ITM : Opcode 324 : Immunité à une ressource (spl ou itm) différente de l'objet : DAGG13
MOMS01.ITM : Opcode 324 : Immunité à une ressource (spl ou itm) différente de l'objet : DAGG13
MOSP02.ITM : Opcode 341 : La ressource MOSPR01.eff n'existe pas.
MOSTA01.ITM : Opcode 324 : Immunité à une ressource (spl ou itm) différente de l'objet : RING30
MOSTA01.ITM : Opcode 324 : Immunité à une ressource (spl ou itm) différente de l'objet : RING30
SPER10.ITM : Opcode 341 : La ressource MOSPR01.eff n'existe pas.
SPER12.ITM : Opcode 341 : La ressource MOSPR01.eff n'existe pas.
SW1H23.ITM : Opcode 319 à gérer.
bdsw1h21.spl : SW1H28.ITM : Opcode 146 : Nom du sort introuvable pour bdsw1h21.spl.
SW1H52.ITM : Opcode 319 à gérer.
SW1H59.ITM : Opcode 303 à gérer.
MO1H64.eff : Opcode 232 à gérer.
MO1H65.eff : Opcode 232 à gérer.
SW1H68.ITM : Opcode 319 à gérer.
SW1H69.ITM : Opcode 319 à gérer.
SW2H07.ITM : Opcode 341 : La ressource MO2H07.eff n'existe pas.
U1HAM3A.ITM : Opcode 341 : La ressource MOSPR06.eff n'existe pas.
U1HAX3B.ITM : Opcode 341 : La ressource MOSPR05.eff n'existe pas.
U1HAX3B.ITM : Opcode 319 à gérer.
WASPEAR.ITM : Opcode 341 : La ressource MOSPR01.eff n'existe pas.
HAMM09.ITM : Opcode 341 : La ressource MOSPR06.eff n'existe pas.
HAMM11.ITM : Opcode 341 : La ressource MOSPR06.eff n'existe pas.
CHAINBM.ITM : Opcode 318 self à gérer
CHAINBM.ITM : Opcode 318 self à gérer
CHAINBM.ITM : Opcode 318 self à gérer
CHAINBM.ITM : Opcode 318 self à gérer
CHAINBM.ITM : Opcode 318 self à gérer
CHAINBM.ITM : Opcode 318 self à gérer
CHAINBM.ITM : Opcode 318 self à gérer
CHAINBM.ITM : Opcode 318 self à gérer
MOBT07.ITM : Opcode 206 : La ressource CDSW1H58.eff n'existe pas.
MOBT07.ITM : Opcode 206 : La ressource CDMOUND.eff n'existe pas.
MOBT07.ITM : Opcode 206 : La ressource CDHGNYA1.eff n'existe pas.


Total : 176

Sans description : 1

Ignores : 2

Reussis : 174

Echoues : 0

Potions (TODO): 0

Munitions (TODO) : 0

Opcodes a coder : 55