	
AX1H03.ITM : Opcode 341 : La ressource MOSPR05.eff n'existe pas.
AX1H03.ITM : Opcode 319 à gérer.
BDAX1H03.ITM : Opcode 341 : La ressource MOSPR05.eff n'existe pas.
BDAX1H03.ITM : Opcode 319 à gérer.
bddagg05.spl : BDDAGG05.ITM : Opcode 146 : Nom du sort introuvable pour bddagg05.spl.
BDHALB03.ITM : Opcode 341 : La ressource MOSPR02.eff n'existe pas.
BDHALB03.ITM : Opcode 326 à gérer.
BDSW1H01.ITM : Opcode 232 à gérer.
bdsw1h02.spl : BDSW1H02.ITM : Opcode 146 : Nom du sort introuvable pour bdsw1h02.spl.
BDSW1H08.ITM : Opcode 319 à gérer.
BDSW1H08.ITM : Opcode 232 à gérer.
BDSW2H01.ITM : Opcode 232 à gérer.
BDSW2H01.ITM : Opcode 341 : La ressource BDSW2H01.eff n'existe pas.
BOW08.ITM : Opcode 341 : La ressource MOSPR03.eff n'existe pas.
BOW08.ITM : Opcode 319 à gérer.
HALB03.ITM : Opcode 341 : La ressource MOSPR02.eff n'existe pas.
HAMM03.ITM : Opcode 341 : La ressource MOSPR06.eff n'existe pas.
MOHM01.ITM : Opcode 341 : La ressource MOSPR06.eff n'existe pas.
MOSP01.ITM : Opcode 341 : La ressource MOSPR01.eff n'existe pas.
SW1H23.ITM : Opcode 319 à gérer.
SW1H52.ITM : Opcode 319 à gérer.
SW2H07.ITM : Opcode 341 : La ressource MO2H07.eff n'existe pas.

Total : 41

Sans description : 1

Ignores : 1

Reussis : 40

Echoues : 0

Potions (TODO): 0

Munitions (TODO) : 0

Opcodes a coder : 55
