	
l#basr6.itm : Opcode 319 à gérer.
l#bhasy.itm : Opcode 232 à gérer.
l#bhasy2.spl : l#bhasy.itm : Opcode 146 : Nom du sort introuvable pour l#bhasy2.spl.
l#chisy.itm : opcode 177: Traduction 204178 manquante
l#chisy.itm : FAILURE: opcode 177: Not_found
l#ciren.itm : Opcode 232 à gérer.
l#curss4.itm : Opcode 319 à gérer.
l#frgm0.itm : Opcode 232 à gérer.
l#harha.itm : Opcode 232 à gérer.
l#haur1.itm : Opcode 319 à gérer.
l#haur2.itm : Opcode 232 à gérer.
l#kobi1.itm : Opcode 232 à gérer.
l#ormett.itm : Unknown macro: opcode_target_87
l#ormsta.itm : Opcode 232 à gérer.
l#perrin.itm : Opcode 232 à gérer.
L#RNI3.eff : Opcode 232 à gérer.
l#shadm1.itm : Opcode 232 à gérer.
l#ulcda.itm : Opcode 341 : La ressource SPPR319.eff n'existe pas.
L#ZSOD4.ITM : Opcode 341 : La ressource L#ZSOD4.eff n'existe pas.
L#ZSOD4.ITM : Opcode 362 à gérer.
l#zsod7.itm : Opcode 272 à gérer.
l#zsod7.itm : Opcode 318 self à gérer
l#zsod8.itm : Opcode 272 à gérer.
l#zsod8.itm : Opcode 318 self à gérer
l#zsod9d.spl : l#zsod9.itm : Opcode 146 : Nom du sort introuvable pour l#zsod9d.spl.
l#zsod9.itm : FAILURE: opcode 214: Failure("l#zsod9.itm : Opcode 214 : Lire les sorts utilisables depuis le fichier 2da L#ZSOD9")

Total : 161

Sans description : 4

Ignores : 77

Reussis : 81

Echoues : 3

Potions (TODO): 19

Munitions (TODO) : 0

Opcodes a coder : 55
