
pxl2aeld.itm : Opcode 180 : Resource PXL2DENK.itm doesn't exist.
pxl2aeld.itm : Opcode 180 : Resource .itm doesn't exist.
pxl2alch.itm : Opcode 25: This effect does not work with Timing Mode 1.
pxl2chau.itm : Opcode 206 : Resource spwi305d.spl doesn't exist.
pxl2chau.itm : Opcode 206 : Resource spwi305d.spl doesn't exist.
pxl2gsor.itm : Opcode 122 : Resource pxl2vela.itm doesn't exist.
pxl2gsor.itm : Opcode 122 : Resource pxl2anaa.itm doesn't exist.
pxl2mait.itm : Opcode 206 : Resource isnfsp2.spl doesn't exist.
pxl2mait.itm : Opcode 206 : Resource pxl2po9.spl doesn't exist.
pxl2mait.itm : Opcode 206 : Resource pxw2flou.spl doesn't exist.
pxl2mait.itm : Opcode 206 : Resource pxw2flox.spl doesn't exist.
pxl2mait.itm : Opcode 206 : Resource pxw2floy.spl doesn't exist.
pxl2mait.itm : Opcode 206 : Resource pxg2fl5.spl doesn't exist.
pxl2mait.itm : Opcode 206 : Resource pxg2fl6.spl doesn't exist.
pxl2mait.itm : Opcode 206 : Resource pxg2fl7.spl doesn't exist.
pxl2mait.itm : Opcode 206 : Resource pxg2fl8.spl doesn't exist.
pxl2mait.itm : Opcode 206 : Resource pxg2fl9.spl doesn't exist.
pxl2mait.itm : Opcode 206 : Resource pxg2fl10.spl doesn't exist.
pxl2mait.itm : Opcode 206 : Resource pxg2fl11.spl doesn't exist.
pxl2mait.itm : Opcode 206 : Resource pxg2fl12.spl doesn't exist.
pxl2mait.itm : Opcode 206 : Resource pxg2fl13.spl doesn't exist.
pxl2mait.itm : Opcode 206 : Resource pxg2fl14.spl doesn't exist.
pxl2mait.itm : Opcode 206 : Resource pxg2fl15.spl doesn't exist.
pxl2mait.itm : Opcode 206 : Resource pxg2fl16.spl doesn't exist.
pxl2mait.itm : Opcode 206 : Resource pxg2fl17.spl doesn't exist.
pxl2mait.itm : Opcode 206 : Resource pxg2fl18.spl doesn't exist.
pxl2mait.itm : Opcode 206 : Resource pxg2fl19.spl doesn't exist.
pxl2mait.itm : Opcode 206 : Resource pxg2fl20.spl doesn't exist.
pxl2mait.itm : Opcode 206 : Resource isnfsp2.spl doesn't exist.
pxl2mait.itm : Opcode 206 : Resource pxl2po9.spl doesn't exist.
pxl2mait.itm : Opcode 206 : Resource pxw2flou.spl doesn't exist.
pxl2mait.itm : Opcode 206 : Resource pxw2flox.spl doesn't exist.
pxl2mait.itm : Opcode 206 : Resource pxw2floy.spl doesn't exist.
pxl2mait.itm : Opcode 206 : Resource pxg2fl5.spl doesn't exist.
pxl2mait.itm : Opcode 206 : Resource pxg2fl6.spl doesn't exist.
pxl2mait.itm : Opcode 206 : Resource pxg2fl7.spl doesn't exist.
pxl2mait.itm : Opcode 206 : Resource pxg2fl8.spl doesn't exist.
pxl2mait.itm : Opcode 206 : Resource pxg2fl9.spl doesn't exist.
pxl2mait.itm : Opcode 206 : Resource pxg2fl10.spl doesn't exist.
pxl2mait.itm : Opcode 206 : Resource pxg2fl11.spl doesn't exist.
pxl2mait.itm : Opcode 206 : Resource pxg2fl12.spl doesn't exist.
pxl2mait.itm : Opcode 206 : Resource pxg2fl13.spl doesn't exist.
pxl2mait.itm : Opcode 206 : Resource pxg2fl14.spl doesn't exist.
pxl2mait.itm : Opcode 206 : Resource pxg2fl15.spl doesn't exist.
pxl2mait.itm : Opcode 206 : Resource pxg2fl16.spl doesn't exist.
pxl2mait.itm : Opcode 206 : Resource pxg2fl17.spl doesn't exist.
pxl2mait.itm : Opcode 206 : Resource pxg2fl18.spl doesn't exist.
pxl2mait.itm : Opcode 206 : Resource pxg2fl19.spl doesn't exist.
pxl2mait.itm : Opcode 206 : Resource pxg2fl20.spl doesn't exist.
pxl2mait.itm : Opcode 206 : Resource isnfsp2.spl doesn't exist.
pxl2mait.itm : Opcode 206 : Resource pxl2po9.spl doesn't exist.
pxl2mait.itm : Opcode 206 : Resource pxw2flou.spl doesn't exist.
pxl2mait.itm : Opcode 206 : Resource pxw2flox.spl doesn't exist.
pxl2mait.itm : Opcode 206 : Resource pxw2floy.spl doesn't exist.
pxl2mait.itm : Opcode 206 : Resource pxg2fl5.spl doesn't exist.
pxl2mait.itm : Opcode 206 : Resource pxg2fl6.spl doesn't exist.
pxl2mait.itm : Opcode 206 : Resource pxg2fl7.spl doesn't exist.
pxl2mait.itm : Opcode 206 : Resource pxg2fl8.spl doesn't exist.
pxl2mait.itm : Opcode 206 : Resource pxg2fl9.spl doesn't exist.
pxl2mait.itm : Opcode 206 : Resource pxg2fl10.spl doesn't exist.
pxl2mait.itm : Opcode 206 : Resource pxg2fl11.spl doesn't exist.
pxl2mait.itm : Opcode 206 : Resource pxg2fl12.spl doesn't exist.
pxl2mait.itm : Opcode 206 : Resource pxg2fl13.spl doesn't exist.
pxl2mait.itm : Opcode 206 : Resource pxg2fl14.spl doesn't exist.
pxl2mait.itm : Opcode 206 : Resource pxg2fl15.spl doesn't exist.
pxl2mait.itm : Opcode 206 : Resource pxg2fl16.spl doesn't exist.
pxl2mait.itm : Opcode 206 : Resource pxg2fl17.spl doesn't exist.
pxl2mait.itm : Opcode 206 : Resource pxg2fl18.spl doesn't exist.
pxl2mait.itm : Opcode 206 : Resource pxg2fl19.spl doesn't exist.
pxl2mait.itm : Opcode 206 : Resource pxg2fl20.spl doesn't exist.
pxl2mait.itm : Opcode 206 : Resource isnfsp2.spl doesn't exist.
pxl2mait.itm : Opcode 206 : Resource pxl2po9.spl doesn't exist.
pxl2mait.itm : Opcode 206 : Resource pxw2flou.spl doesn't exist.
pxl2mait.itm : Opcode 206 : Resource pxw2flox.spl doesn't exist.
pxl2mait.itm : Opcode 206 : Resource pxw2floy.spl doesn't exist.
pxl2mait.itm : Opcode 206 : Resource pxg2fl5.spl doesn't exist.
pxl2mait.itm : Opcode 206 : Resource pxg2fl6.spl doesn't exist.
pxl2mait.itm : Opcode 206 : Resource pxg2fl7.spl doesn't exist.
pxl2mait.itm : Opcode 206 : Resource pxg2fl8.spl doesn't exist.
pxl2mait.itm : Opcode 206 : Resource pxg2fl9.spl doesn't exist.
pxl2mait.itm : Opcode 206 : Resource pxg2fl10.spl doesn't exist.
pxl2mait.itm : Opcode 206 : Resource pxg2fl11.spl doesn't exist.
pxl2mait.itm : Opcode 206 : Resource pxg2fl12.spl doesn't exist.
pxl2mait.itm : Opcode 206 : Resource pxg2fl13.spl doesn't exist.
pxl2mait.itm : Opcode 206 : Resource pxg2fl14.spl doesn't exist.
pxl2mait.itm : Opcode 206 : Resource pxg2fl15.spl doesn't exist.
pxl2mait.itm : Opcode 206 : Resource pxg2fl16.spl doesn't exist.
pxl2mait.itm : Opcode 206 : Resource pxg2fl17.spl doesn't exist.
pxl2mait.itm : Opcode 206 : Resource pxg2fl18.spl doesn't exist.
pxl2mait.itm : Opcode 206 : Resource pxg2fl19.spl doesn't exist.
pxl2mait.itm : Opcode 206 : Resource pxg2fl20.spl doesn't exist.
pxl2mait.itm : Opcode 206 : Resource isnfsp2.spl doesn't exist.
pxl2mait.itm : Opcode 206 : Resource pxl2po9.spl doesn't exist.
pxl2mait.itm : Opcode 206 : Resource pxw2flou.spl doesn't exist.
pxl2mait.itm : Opcode 206 : Resource pxw2flox.spl doesn't exist.
pxl2mait.itm : Opcode 206 : Resource pxw2floy.spl doesn't exist.
pxl2mait.itm : Opcode 206 : Resource pxg2fl5.spl doesn't exist.
pxl2mait.itm : Opcode 206 : Resource pxg2fl6.spl doesn't exist.
pxl2mait.itm : Opcode 206 : Resource pxg2fl7.spl doesn't exist.
pxl2mait.itm : Opcode 206 : Resource pxg2fl8.spl doesn't exist.
pxl2mait.itm : Opcode 206 : Resource pxg2fl9.spl doesn't exist.
pxl2mait.itm : Opcode 206 : Resource pxg2fl10.spl doesn't exist.
pxl2mait.itm : Opcode 206 : Resource pxg2fl11.spl doesn't exist.
pxl2mait.itm : Opcode 206 : Resource pxg2fl12.spl doesn't exist.
pxl2mait.itm : Opcode 206 : Resource pxg2fl13.spl doesn't exist.
pxl2mait.itm : Opcode 206 : Resource pxg2fl14.spl doesn't exist.
pxl2mait.itm : Opcode 206 : Resource pxg2fl15.spl doesn't exist.
pxl2mait.itm : Opcode 206 : Resource pxg2fl16.spl doesn't exist.
pxl2mait.itm : Opcode 206 : Resource pxg2fl17.spl doesn't exist.
pxl2mait.itm : Opcode 206 : Resource pxg2fl18.spl doesn't exist.
pxl2mait.itm : Opcode 206 : Resource pxg2fl19.spl doesn't exist.
pxl2mait.itm : Opcode 206 : Resource pxg2fl20.spl doesn't exist.
pxl2mait.itm : Opcode 206 : Resource isnfsp2.spl doesn't exist.
pxl2mait.itm : Opcode 206 : Resource pxl2po9.spl doesn't exist.
pxl2mait.itm : Opcode 206 : Resource pxw2flou.spl doesn't exist.
pxl2mait.itm : Opcode 206 : Resource pxw2flox.spl doesn't exist.
pxl2mait.itm : Opcode 206 : Resource pxw2floy.spl doesn't exist.
pxl2mait.itm : Opcode 206 : Resource pxg2fl5.spl doesn't exist.
pxl2mait.itm : Opcode 206 : Resource pxg2fl6.spl doesn't exist.
pxl2mait.itm : Opcode 206 : Resource pxg2fl7.spl doesn't exist.
pxl2mait.itm : Opcode 206 : Resource pxg2fl8.spl doesn't exist.
pxl2mait.itm : Opcode 206 : Resource pxg2fl9.spl doesn't exist.
pxl2mait.itm : Opcode 206 : Resource pxg2fl10.spl doesn't exist.
pxl2mait.itm : Opcode 206 : Resource pxg2fl11.spl doesn't exist.
pxl2mait.itm : Opcode 206 : Resource pxg2fl12.spl doesn't exist.
pxl2mait.itm : Opcode 206 : Resource pxg2fl13.spl doesn't exist.
pxl2mait.itm : Opcode 206 : Resource pxg2fl14.spl doesn't exist.
pxl2mait.itm : Opcode 206 : Resource pxg2fl15.spl doesn't exist.
pxl2mait.itm : Opcode 206 : Resource pxg2fl16.spl doesn't exist.
pxl2mait.itm : Opcode 206 : Resource pxg2fl17.spl doesn't exist.
pxl2mait.itm : Opcode 206 : Resource pxg2fl18.spl doesn't exist.
pxl2mait.itm : Opcode 206 : Resource pxg2fl19.spl doesn't exist.
pxl2mait.itm : Opcode 206 : Resource pxg2fl20.spl doesn't exist.
pxl2mait.itm : Opcode 206 : Resource isnfsp2.spl doesn't exist.
pxl2mait.itm : Opcode 206 : Resource pxl2po9.spl doesn't exist.
pxl2mait.itm : Opcode 206 : Resource pxw2flou.spl doesn't exist.
pxl2mait.itm : Opcode 206 : Resource pxw2flox.spl doesn't exist.
pxl2mait.itm : Opcode 206 : Resource pxw2floy.spl doesn't exist.
pxl2mait.itm : Opcode 206 : Resource pxg2fl5.spl doesn't exist.
pxl2mait.itm : Opcode 206 : Resource pxg2fl6.spl doesn't exist.
pxl2mait.itm : Opcode 206 : Resource pxg2fl7.spl doesn't exist.
pxl2mait.itm : Opcode 206 : Resource pxg2fl8.spl doesn't exist.
pxl2mait.itm : Opcode 206 : Resource pxg2fl9.spl doesn't exist.
pxl2mait.itm : Opcode 206 : Resource pxg2fl10.spl doesn't exist.
pxl2mait.itm : Opcode 206 : Resource pxg2fl11.spl doesn't exist.
pxl2mait.itm : Opcode 206 : Resource pxg2fl12.spl doesn't exist.
pxl2mait.itm : Opcode 206 : Resource pxg2fl13.spl doesn't exist.
pxl2mait.itm : Opcode 206 : Resource pxg2fl14.spl doesn't exist.
pxl2mait.itm : Opcode 206 : Resource pxg2fl15.spl doesn't exist.
pxl2mait.itm : Opcode 206 : Resource pxg2fl16.spl doesn't exist.
pxl2mait.itm : Opcode 206 : Resource pxg2fl17.spl doesn't exist.
pxl2mait.itm : Opcode 206 : Resource pxg2fl18.spl doesn't exist.
pxl2mait.itm : Opcode 206 : Resource pxg2fl19.spl doesn't exist.
pxl2mait.itm : Opcode 206 : Resource pxg2fl20.spl doesn't exist.
pxl2mait.itm : Opcode 206 : Resource isnfsp2.spl doesn't exist.
pxl2mait.itm : Opcode 206 : Resource pxl2po9.spl doesn't exist.
pxl2mait.itm : Opcode 206 : Resource pxw2flou.spl doesn't exist.
pxl2mait.itm : Opcode 206 : Resource pxw2flox.spl doesn't exist.
pxl2mait.itm : Opcode 206 : Resource pxw2floy.spl doesn't exist.
pxl2mait.itm : Opcode 206 : Resource pxg2fl5.spl doesn't exist.
pxl2mait.itm : Opcode 206 : Resource pxg2fl6.spl doesn't exist.
pxl2mait.itm : Opcode 206 : Resource pxg2fl7.spl doesn't exist.
pxl2mait.itm : Opcode 206 : Resource pxg2fl8.spl doesn't exist.
pxl2mait.itm : Opcode 206 : Resource pxg2fl9.spl doesn't exist.
pxl2mait.itm : Opcode 206 : Resource pxg2fl10.spl doesn't exist.
pxl2mait.itm : Opcode 206 : Resource pxg2fl11.spl doesn't exist.
pxl2mait.itm : Opcode 206 : Resource pxg2fl12.spl doesn't exist.
pxl2mait.itm : Opcode 206 : Resource pxg2fl13.spl doesn't exist.
pxl2mait.itm : Opcode 206 : Resource pxg2fl14.spl doesn't exist.
pxl2mait.itm : Opcode 206 : Resource pxg2fl15.spl doesn't exist.
pxl2mait.itm : Opcode 206 : Resource pxg2fl16.spl doesn't exist.
pxl2mait.itm : Opcode 206 : Resource pxg2fl17.spl doesn't exist.
pxl2mait.itm : Opcode 206 : Resource pxg2fl18.spl doesn't exist.
pxl2mait.itm : Opcode 206 : Resource pxg2fl19.spl doesn't exist.
pxl2mait.itm : Opcode 206 : Resource pxg2fl20.spl doesn't exist.
pxl2mait.itm : Opcode 206 : Resource isnfsp2.spl doesn't exist.
pxl2mait.itm : Opcode 206 : Resource pxl2po9.spl doesn't exist.
pxl2mait.itm : Opcode 206 : Resource pxw2flou.spl doesn't exist.
pxl2mait.itm : Opcode 206 : Resource pxw2flox.spl doesn't exist.
pxl2mait.itm : Opcode 206 : Resource pxw2floy.spl doesn't exist.
pxl2mait.itm : Opcode 206 : Resource pxg2fl5.spl doesn't exist.
pxl2mait.itm : Opcode 206 : Resource pxg2fl6.spl doesn't exist.
pxl2mait.itm : Opcode 206 : Resource pxg2fl7.spl doesn't exist.
pxl2mait.itm : Opcode 206 : Resource pxg2fl8.spl doesn't exist.
pxl2mait.itm : Opcode 206 : Resource pxg2fl9.spl doesn't exist.
pxl2mait.itm : Opcode 206 : Resource pxg2fl10.spl doesn't exist.
pxl2mait.itm : Opcode 206 : Resource pxg2fl11.spl doesn't exist.
pxl2mait.itm : Opcode 206 : Resource pxg2fl12.spl doesn't exist.
pxl2mait.itm : Opcode 206 : Resource pxg2fl13.spl doesn't exist.
pxl2mait.itm : Opcode 206 : Resource pxg2fl14.spl doesn't exist.
pxl2mait.itm : Opcode 206 : Resource pxg2fl15.spl doesn't exist.
pxl2mait.itm : Opcode 206 : Resource pxg2fl16.spl doesn't exist.
pxl2mait.itm : Opcode 206 : Resource pxg2fl17.spl doesn't exist.
pxl2mait.itm : Opcode 206 : Resource pxg2fl18.spl doesn't exist.
pxl2mait.itm : Opcode 206 : Resource pxg2fl19.spl doesn't exist.
pxl2mait.itm : Opcode 206 : Resource pxg2fl20.spl doesn't exist.
pxl2mait.itm : Opcode 206 : Resource isnfsp2.spl doesn't exist.
pxl2mait.itm : Opcode 206 : Resource pxl2po9.spl doesn't exist.
pxl2mait.itm : Opcode 206 : Resource pxw2flou.spl doesn't exist.
pxl2mait.itm : Opcode 206 : Resource pxw2flox.spl doesn't exist.
pxl2mait.itm : Opcode 206 : Resource pxw2floy.spl doesn't exist.
pxl2mait.itm : Opcode 206 : Resource pxg2fl5.spl doesn't exist.
pxl2mait.itm : Opcode 206 : Resource pxg2fl6.spl doesn't exist.
pxl2mait.itm : Opcode 206 : Resource pxg2fl7.spl doesn't exist.
pxl2mait.itm : Opcode 206 : Resource pxg2fl8.spl doesn't exist.
pxl2mait.itm : Opcode 206 : Resource pxg2fl9.spl doesn't exist.
pxl2mait.itm : Opcode 206 : Resource pxg2fl10.spl doesn't exist.
pxl2mait.itm : Opcode 206 : Resource pxg2fl11.spl doesn't exist.
pxl2mait.itm : Opcode 206 : Resource pxg2fl12.spl doesn't exist.
pxl2mait.itm : Opcode 206 : Resource pxg2fl13.spl doesn't exist.
pxl2mait.itm : Opcode 206 : Resource pxg2fl14.spl doesn't exist.
pxl2mait.itm : Opcode 206 : Resource pxg2fl15.spl doesn't exist.
pxl2mait.itm : Opcode 206 : Resource pxg2fl16.spl doesn't exist.
pxl2mait.itm : Opcode 206 : Resource pxg2fl17.spl doesn't exist.
pxl2mait.itm : Opcode 206 : Resource pxg2fl18.spl doesn't exist.
pxl2mait.itm : Opcode 206 : Resource pxg2fl19.spl doesn't exist.
pxl2mait.itm : Opcode 206 : Resource pxg2fl20.spl doesn't exist.
pxl2mait.itm : Opcode 206 : Resource isnfsp2.spl doesn't exist.
pxl2mait.itm : Opcode 206 : Resource pxl2po9.spl doesn't exist.
pxl2mait.itm : Opcode 206 : Resource pxw2flou.spl doesn't exist.
pxl2mait.itm : Opcode 206 : Resource pxw2flox.spl doesn't exist.
pxl2mait.itm : Opcode 206 : Resource pxw2floy.spl doesn't exist.
pxl2mait.itm : Opcode 206 : Resource pxg2fl5.spl doesn't exist.
pxl2mait.itm : Opcode 206 : Resource pxg2fl6.spl doesn't exist.
pxl2mait.itm : Opcode 206 : Resource pxg2fl7.spl doesn't exist.
pxl2mait.itm : Opcode 206 : Resource pxg2fl8.spl doesn't exist.
pxl2mait.itm : Opcode 206 : Resource pxg2fl9.spl doesn't exist.
pxl2mait.itm : Opcode 206 : Resource pxg2fl10.spl doesn't exist.
pxl2mait.itm : Opcode 206 : Resource pxg2fl11.spl doesn't exist.
pxl2mait.itm : Opcode 206 : Resource pxg2fl12.spl doesn't exist.
pxl2mait.itm : Opcode 206 : Resource pxg2fl13.spl doesn't exist.
pxl2mait.itm : Opcode 206 : Resource pxg2fl14.spl doesn't exist.
pxl2mait.itm : Opcode 206 : Resource pxg2fl15.spl doesn't exist.
pxl2mait.itm : Opcode 206 : Resource pxg2fl16.spl doesn't exist.
pxl2mait.itm : Opcode 206 : Resource pxg2fl17.spl doesn't exist.
pxl2mait.itm : Opcode 206 : Resource pxg2fl18.spl doesn't exist.
pxl2mait.itm : Opcode 206 : Resource pxg2fl19.spl doesn't exist.
pxl2mait.itm : Opcode 206 : Resource pxg2fl20.spl doesn't exist.
pxl2mait.itm : Opcode 206 : Resource isnfsp2.spl doesn't exist.
pxl2mait.itm : Opcode 206 : Resource pxl2po9.spl doesn't exist.
pxl2mait.itm : Opcode 206 : Resource pxw2flou.spl doesn't exist.
pxl2mait.itm : Opcode 206 : Resource pxw2flox.spl doesn't exist.
pxl2mait.itm : Opcode 206 : Resource pxw2floy.spl doesn't exist.
pxl2mait.itm : Opcode 206 : Resource pxg2fl5.spl doesn't exist.
pxl2mait.itm : Opcode 206 : Resource pxg2fl6.spl doesn't exist.
pxl2mait.itm : Opcode 206 : Resource pxg2fl7.spl doesn't exist.
pxl2mait.itm : Opcode 206 : Resource pxg2fl8.spl doesn't exist.
pxl2mait.itm : Opcode 206 : Resource pxg2fl9.spl doesn't exist.
pxl2mait.itm : Opcode 206 : Resource pxg2fl10.spl doesn't exist.
pxl2mait.itm : Opcode 206 : Resource pxg2fl11.spl doesn't exist.
pxl2mait.itm : Opcode 206 : Resource pxg2fl12.spl doesn't exist.
pxl2mait.itm : Opcode 206 : Resource pxg2fl13.spl doesn't exist.
pxl2mait.itm : Opcode 206 : Resource pxg2fl14.spl doesn't exist.
pxl2mait.itm : Opcode 206 : Resource pxg2fl15.spl doesn't exist.
pxl2mait.itm : Opcode 206 : Resource pxg2fl16.spl doesn't exist.
pxl2mait.itm : Opcode 206 : Resource pxg2fl17.spl doesn't exist.
pxl2mait.itm : Opcode 206 : Resource pxg2fl18.spl doesn't exist.
pxl2mait.itm : Opcode 206 : Resource pxg2fl19.spl doesn't exist.
pxl2mait.itm : Opcode 206 : Resource pxg2fl20.spl doesn't exist.
pxl2mait.itm : Opcode 206 : Resource isnfsp2.spl doesn't exist.
pxl2mait.itm : Opcode 206 : Resource pxl2po9.spl doesn't exist.
pxl2mait.itm : Opcode 206 : Resource pxw2flou.spl doesn't exist.
pxl2mait.itm : Opcode 206 : Resource pxw2flox.spl doesn't exist.
pxl2mait.itm : Opcode 206 : Resource pxw2floy.spl doesn't exist.
pxl2mait.itm : Opcode 206 : Resource pxg2fl5.spl doesn't exist.
pxl2mait.itm : Opcode 206 : Resource pxg2fl6.spl doesn't exist.
pxl2mait.itm : Opcode 206 : Resource pxg2fl7.spl doesn't exist.
pxl2mait.itm : Opcode 206 : Resource pxg2fl8.spl doesn't exist.
pxl2mait.itm : Opcode 206 : Resource pxg2fl9.spl doesn't exist.
pxl2mait.itm : Opcode 206 : Resource pxg2fl10.spl doesn't exist.
pxl2mait.itm : Opcode 206 : Resource pxg2fl11.spl doesn't exist.
pxl2mait.itm : Opcode 206 : Resource pxg2fl12.spl doesn't exist.
pxl2mait.itm : Opcode 206 : Resource pxg2fl13.spl doesn't exist.
pxl2mait.itm : Opcode 206 : Resource pxg2fl14.spl doesn't exist.
pxl2mait.itm : Opcode 206 : Resource pxg2fl15.spl doesn't exist.
pxl2mait.itm : Opcode 206 : Resource pxg2fl16.spl doesn't exist.
pxl2mait.itm : Opcode 206 : Resource pxg2fl17.spl doesn't exist.
pxl2mait.itm : Opcode 206 : Resource pxg2fl18.spl doesn't exist.
pxl2mait.itm : Opcode 206 : Resource pxg2fl19.spl doesn't exist.
pxl2mait.itm : Opcode 206 : Resource pxg2fl20.spl doesn't exist.
pxl2mait.itm : Opcode 206 : Resource isnfsp2.spl doesn't exist.
pxl2mait.itm : Opcode 206 : Resource pxl2po9.spl doesn't exist.
pxl2mait.itm : Opcode 206 : Resource pxw2flou.spl doesn't exist.
pxl2mait.itm : Opcode 206 : Resource pxw2flox.spl doesn't exist.
pxl2mait.itm : Opcode 206 : Resource pxw2floy.spl doesn't exist.
pxl2mait.itm : Opcode 206 : Resource pxg2fl5.spl doesn't exist.
pxl2mait.itm : Opcode 206 : Resource pxg2fl6.spl doesn't exist.
pxl2mait.itm : Opcode 206 : Resource pxg2fl7.spl doesn't exist.
pxl2mait.itm : Opcode 206 : Resource pxg2fl8.spl doesn't exist.
pxl2mait.itm : Opcode 206 : Resource pxg2fl9.spl doesn't exist.
pxl2mait.itm : Opcode 206 : Resource pxg2fl10.spl doesn't exist.
pxl2mait.itm : Opcode 206 : Resource pxg2fl11.spl doesn't exist.
pxl2mait.itm : Opcode 206 : Resource pxg2fl12.spl doesn't exist.
pxl2mait.itm : Opcode 206 : Resource pxg2fl13.spl doesn't exist.
pxl2mait.itm : Opcode 206 : Resource pxg2fl14.spl doesn't exist.
pxl2mait.itm : Opcode 206 : Resource pxg2fl15.spl doesn't exist.
pxl2mait.itm : Opcode 206 : Resource pxg2fl16.spl doesn't exist.
pxl2mait.itm : Opcode 206 : Resource pxg2fl17.spl doesn't exist.
pxl2mait.itm : Opcode 206 : Resource pxg2fl18.spl doesn't exist.
pxl2mait.itm : Opcode 206 : Resource pxg2fl19.spl doesn't exist.
pxl2mait.itm : Opcode 206 : Resource pxg2fl20.spl doesn't exist.
pxl2mait.itm : Opcode 206 : Resource isnfsp2.spl doesn't exist.
pxl2mait.itm : Opcode 206 : Resource pxl2po9.spl doesn't exist.
pxl2mait.itm : Opcode 206 : Resource pxw2flou.spl doesn't exist.
pxl2mait.itm : Opcode 206 : Resource pxw2flox.spl doesn't exist.
pxl2mait.itm : Opcode 206 : Resource pxw2floy.spl doesn't exist.
pxl2mait.itm : Opcode 206 : Resource pxg2fl5.spl doesn't exist.
pxl2mait.itm : Opcode 206 : Resource pxg2fl6.spl doesn't exist.
pxl2mait.itm : Opcode 206 : Resource pxg2fl7.spl doesn't exist.
pxl2mait.itm : Opcode 206 : Resource pxg2fl8.spl doesn't exist.
pxl2mait.itm : Opcode 206 : Resource pxg2fl9.spl doesn't exist.
pxl2mait.itm : Opcode 206 : Resource pxg2fl10.spl doesn't exist.
pxl2mait.itm : Opcode 206 : Resource pxg2fl11.spl doesn't exist.
pxl2mait.itm : Opcode 206 : Resource pxg2fl12.spl doesn't exist.
pxl2mait.itm : Opcode 206 : Resource pxg2fl13.spl doesn't exist.
pxl2mait.itm : Opcode 206 : Resource pxg2fl14.spl doesn't exist.
pxl2mait.itm : Opcode 206 : Resource pxg2fl15.spl doesn't exist.
pxl2mait.itm : Opcode 206 : Resource pxg2fl16.spl doesn't exist.
pxl2mait.itm : Opcode 206 : Resource pxg2fl17.spl doesn't exist.
pxl2mait.itm : Opcode 206 : Resource pxg2fl18.spl doesn't exist.
pxl2mait.itm : Opcode 206 : Resource pxg2fl19.spl doesn't exist.
pxl2mait.itm : Opcode 206 : Resource pxg2fl20.spl doesn't exist.
pxl2mait.itm : Opcode 206 : Resource isnfsp2.spl doesn't exist.
pxl2mait.itm : Opcode 206 : Resource pxl2po9.spl doesn't exist.
pxl2mait.itm : Opcode 206 : Resource pxw2flou.spl doesn't exist.
pxl2mait.itm : Opcode 206 : Resource pxw2flox.spl doesn't exist.
pxl2mait.itm : Opcode 206 : Resource pxw2floy.spl doesn't exist.
pxl2mait.itm : Opcode 206 : Resource pxg2fl5.spl doesn't exist.
pxl2mait.itm : Opcode 206 : Resource pxg2fl6.spl doesn't exist.
pxl2mait.itm : Opcode 206 : Resource pxg2fl7.spl doesn't exist.
pxl2mait.itm : Opcode 206 : Resource pxg2fl8.spl doesn't exist.
pxl2mait.itm : Opcode 206 : Resource pxg2fl9.spl doesn't exist.
pxl2mait.itm : Opcode 206 : Resource pxg2fl10.spl doesn't exist.
pxl2mait.itm : Opcode 206 : Resource pxg2fl11.spl doesn't exist.
pxl2mait.itm : Opcode 206 : Resource pxg2fl12.spl doesn't exist.
pxl2mait.itm : Opcode 206 : Resource pxg2fl13.spl doesn't exist.
pxl2mait.itm : Opcode 206 : Resource pxg2fl14.spl doesn't exist.
pxl2mait.itm : Opcode 206 : Resource pxg2fl15.spl doesn't exist.
pxl2mait.itm : Opcode 206 : Resource pxg2fl16.spl doesn't exist.
pxl2mait.itm : Opcode 206 : Resource pxg2fl17.spl doesn't exist.
pxl2mait.itm : Opcode 206 : Resource pxg2fl18.spl doesn't exist.
pxl2mait.itm : Opcode 206 : Resource pxg2fl19.spl doesn't exist.
pxl2mait.itm : Opcode 206 : Resource pxg2fl20.spl doesn't exist.
pxl2mait.itm : Opcode 206 : Resource isnfsp2.spl doesn't exist.
pxl2mait.itm : Opcode 206 : Resource pxl2po9.spl doesn't exist.
pxl2mait.itm : Opcode 206 : Resource pxw2flou.spl doesn't exist.
pxl2mait.itm : Opcode 206 : Resource pxw2flox.spl doesn't exist.
pxl2mait.itm : Opcode 206 : Resource pxw2floy.spl doesn't exist.
pxl2mait.itm : Opcode 206 : Resource pxg2fl5.spl doesn't exist.
pxl2mait.itm : Opcode 206 : Resource pxg2fl6.spl doesn't exist.
pxl2mait.itm : Opcode 206 : Resource pxg2fl7.spl doesn't exist.
pxl2mait.itm : Opcode 206 : Resource pxg2fl8.spl doesn't exist.
pxl2mait.itm : Opcode 206 : Resource pxg2fl9.spl doesn't exist.
pxl2mait.itm : Opcode 206 : Resource pxg2fl10.spl doesn't exist.
pxl2mait.itm : Opcode 206 : Resource pxg2fl11.spl doesn't exist.
pxl2mait.itm : Opcode 206 : Resource pxg2fl12.spl doesn't exist.
pxl2mait.itm : Opcode 206 : Resource pxg2fl13.spl doesn't exist.
pxl2mait.itm : Opcode 206 : Resource pxg2fl14.spl doesn't exist.
pxl2mait.itm : Opcode 206 : Resource pxg2fl15.spl doesn't exist.
pxl2mait.itm : Opcode 206 : Resource pxg2fl16.spl doesn't exist.
pxl2mait.itm : Opcode 206 : Resource pxg2fl17.spl doesn't exist.
pxl2mait.itm : Opcode 206 : Resource pxg2fl18.spl doesn't exist.
pxl2mait.itm : Opcode 206 : Resource pxg2fl19.spl doesn't exist.
pxl2mait.itm : Opcode 206 : Resource pxg2fl20.spl doesn't exist.
pxl2mait.itm : Opcode 206 : Resource isnfsp2.spl doesn't exist.
pxl2mait.itm : Opcode 206 : Resource pxl2po9.spl doesn't exist.
pxl2mait.itm : Opcode 206 : Resource pxw2flou.spl doesn't exist.
pxl2mait.itm : Opcode 206 : Resource pxw2flox.spl doesn't exist.
pxl2mait.itm : Opcode 206 : Resource pxw2floy.spl doesn't exist.
pxl2mait.itm : Opcode 206 : Resource pxg2fl5.spl doesn't exist.
pxl2mait.itm : Opcode 206 : Resource pxg2fl6.spl doesn't exist.
pxl2mait.itm : Opcode 206 : Resource pxg2fl7.spl doesn't exist.
pxl2mait.itm : Opcode 206 : Resource pxg2fl8.spl doesn't exist.
pxl2mait.itm : Opcode 206 : Resource pxg2fl9.spl doesn't exist.
pxl2mait.itm : Opcode 206 : Resource pxg2fl10.spl doesn't exist.
pxl2mait.itm : Opcode 206 : Resource pxg2fl11.spl doesn't exist.
pxl2mait.itm : Opcode 206 : Resource pxg2fl12.spl doesn't exist.
pxl2mait.itm : Opcode 206 : Resource pxg2fl13.spl doesn't exist.
pxl2mait.itm : Opcode 206 : Resource pxg2fl14.spl doesn't exist.
pxl2mait.itm : Opcode 206 : Resource pxg2fl15.spl doesn't exist.
pxl2mait.itm : Opcode 206 : Resource pxg2fl16.spl doesn't exist.
pxl2mait.itm : Opcode 206 : Resource pxg2fl17.spl doesn't exist.
pxl2mait.itm : Opcode 206 : Resource pxg2fl18.spl doesn't exist.
pxl2mait.itm : Opcode 206 : Resource pxg2fl19.spl doesn't exist.
pxl2mait.itm : Opcode 206 : Resource pxg2fl20.spl doesn't exist.
pxl2mait.itm : Opcode 206 : Resource isnfsp2.spl doesn't exist.
pxl2mait.itm : Opcode 206 : Resource pxl2po9.spl doesn't exist.
pxl2mait.itm : Opcode 206 : Resource pxw2flou.spl doesn't exist.
pxl2mait.itm : Opcode 206 : Resource pxw2flox.spl doesn't exist.
pxl2mait.itm : Opcode 206 : Resource pxw2floy.spl doesn't exist.
pxl2mait.itm : Opcode 206 : Resource pxg2fl5.spl doesn't exist.
pxl2mait.itm : Opcode 206 : Resource pxg2fl6.spl doesn't exist.
pxl2mait.itm : Opcode 206 : Resource pxg2fl7.spl doesn't exist.
pxl2mait.itm : Opcode 206 : Resource pxg2fl8.spl doesn't exist.
pxl2mait.itm : Opcode 206 : Resource pxg2fl9.spl doesn't exist.
pxl2mait.itm : Opcode 206 : Resource pxg2fl10.spl doesn't exist.
pxl2mait.itm : Opcode 206 : Resource pxg2fl11.spl doesn't exist.
pxl2mait.itm : Opcode 206 : Resource pxg2fl12.spl doesn't exist.
pxl2mait.itm : Opcode 206 : Resource pxg2fl13.spl doesn't exist.
pxl2mait.itm : Opcode 206 : Resource pxg2fl14.spl doesn't exist.
pxl2mait.itm : Opcode 206 : Resource pxg2fl15.spl doesn't exist.
pxl2mait.itm : Opcode 206 : Resource pxg2fl16.spl doesn't exist.
pxl2mait.itm : Opcode 206 : Resource pxg2fl17.spl doesn't exist.
pxl2mait.itm : Opcode 206 : Resource pxg2fl18.spl doesn't exist.
pxl2mait.itm : Opcode 206 : Resource pxg2fl19.spl doesn't exist.
pxl2mait.itm : Opcode 206 : Resource pxg2fl20.spl doesn't exist.
pxl2mait.itm : Opcode 206 : Resource isnfsp2.spl doesn't exist.
pxl2mait.itm : Opcode 206 : Resource pxl2po9.spl doesn't exist.
pxl2mait.itm : Opcode 206 : Resource pxw2flou.spl doesn't exist.
pxl2mait.itm : Opcode 206 : Resource pxw2flox.spl doesn't exist.
pxl2mait.itm : Opcode 206 : Resource pxw2floy.spl doesn't exist.
pxl2mait.itm : Opcode 206 : Resource pxg2fl5.spl doesn't exist.
pxl2mait.itm : Opcode 206 : Resource pxg2fl6.spl doesn't exist.
pxl2mait.itm : Opcode 206 : Resource pxg2fl7.spl doesn't exist.
pxl2mait.itm : Opcode 206 : Resource pxg2fl8.spl doesn't exist.
pxl2mait.itm : Opcode 206 : Resource pxg2fl9.spl doesn't exist.
pxl2mait.itm : Opcode 206 : Resource pxg2fl10.spl doesn't exist.
pxl2mait.itm : Opcode 206 : Resource pxg2fl11.spl doesn't exist.
pxl2mait.itm : Opcode 206 : Resource pxg2fl12.spl doesn't exist.
pxl2mait.itm : Opcode 206 : Resource pxg2fl13.spl doesn't exist.
pxl2mait.itm : Opcode 206 : Resource pxg2fl14.spl doesn't exist.
pxl2mait.itm : Opcode 206 : Resource pxg2fl15.spl doesn't exist.
pxl2mait.itm : Opcode 206 : Resource pxg2fl16.spl doesn't exist.
pxl2mait.itm : Opcode 206 : Resource pxg2fl17.spl doesn't exist.
pxl2mait.itm : Opcode 206 : Resource pxg2fl18.spl doesn't exist.
pxl2mait.itm : Opcode 206 : Resource pxg2fl19.spl doesn't exist.
pxl2mait.itm : Opcode 206 : Resource pxg2fl20.spl doesn't exist.
pxl2mait.itm : Opcode 206 : Resource isnfsp2.spl doesn't exist.
pxl2mait.itm : Opcode 206 : Resource pxl2po9.spl doesn't exist.
pxl2mait.itm : Opcode 206 : Resource pxw2flou.spl doesn't exist.
pxl2mait.itm : Opcode 206 : Resource pxw2flox.spl doesn't exist.
pxl2mait.itm : Opcode 206 : Resource pxw2floy.spl doesn't exist.
pxl2mait.itm : Opcode 206 : Resource pxg2fl5.spl doesn't exist.
pxl2mait.itm : Opcode 206 : Resource pxg2fl6.spl doesn't exist.
pxl2mait.itm : Opcode 206 : Resource pxg2fl7.spl doesn't exist.
pxl2mait.itm : Opcode 206 : Resource pxg2fl8.spl doesn't exist.
pxl2mait.itm : Opcode 206 : Resource pxg2fl9.spl doesn't exist.
pxl2mait.itm : Opcode 206 : Resource pxg2fl10.spl doesn't exist.
pxl2mait.itm : Opcode 206 : Resource pxg2fl11.spl doesn't exist.
pxl2mait.itm : Opcode 206 : Resource pxg2fl12.spl doesn't exist.
pxl2mait.itm : Opcode 206 : Resource pxg2fl13.spl doesn't exist.
pxl2mait.itm : Opcode 206 : Resource pxg2fl14.spl doesn't exist.
pxl2mait.itm : Opcode 206 : Resource pxg2fl15.spl doesn't exist.
pxl2mait.itm : Opcode 206 : Resource pxg2fl16.spl doesn't exist.
pxl2mait.itm : Opcode 206 : Resource pxg2fl17.spl doesn't exist.
pxl2mait.itm : Opcode 206 : Resource pxg2fl18.spl doesn't exist.
pxl2mait.itm : Opcode 206 : Resource pxg2fl19.spl doesn't exist.
pxl2mait.itm : Opcode 206 : Resource pxg2fl20.spl doesn't exist.
pxl2mait.itm : Opcode 206 : Resource isnfsp2.spl doesn't exist.
pxl2mait.itm : Opcode 206 : Resource pxl2po9.spl doesn't exist.
pxl2mait.itm : Opcode 206 : Resource pxw2flou.spl doesn't exist.
pxl2mait.itm : Opcode 206 : Resource pxw2flox.spl doesn't exist.
pxl2mait.itm : Opcode 206 : Resource pxw2floy.spl doesn't exist.
pxl2mait.itm : Opcode 206 : Resource pxg2fl5.spl doesn't exist.
pxl2mait.itm : Opcode 206 : Resource pxg2fl6.spl doesn't exist.
pxl2mait.itm : Opcode 206 : Resource pxg2fl7.spl doesn't exist.
pxl2mait.itm : Opcode 206 : Resource pxg2fl8.spl doesn't exist.
pxl2mait.itm : Opcode 206 : Resource pxg2fl9.spl doesn't exist.
pxl2mait.itm : Opcode 206 : Resource pxg2fl10.spl doesn't exist.
pxl2mait.itm : Opcode 206 : Resource pxg2fl11.spl doesn't exist.
pxl2mait.itm : Opcode 206 : Resource pxg2fl12.spl doesn't exist.
pxl2mait.itm : Opcode 206 : Resource pxg2fl13.spl doesn't exist.
pxl2mait.itm : Opcode 206 : Resource pxg2fl14.spl doesn't exist.
pxl2mait.itm : Opcode 206 : Resource pxg2fl15.spl doesn't exist.
pxl2mait.itm : Opcode 206 : Resource pxg2fl16.spl doesn't exist.
pxl2mait.itm : Opcode 206 : Resource pxg2fl17.spl doesn't exist.
pxl2mait.itm : Opcode 206 : Resource pxg2fl18.spl doesn't exist.
pxl2mait.itm : Opcode 206 : Resource pxg2fl19.spl doesn't exist.
pxl2mait.itm : Opcode 206 : Resource pxg2fl20.spl doesn't exist.
pxl2mait.itm : Opcode 206 : Resource isnfsp2.spl doesn't exist.
pxl2mait.itm : Opcode 206 : Resource pxl2po9.spl doesn't exist.
pxl2mait.itm : Opcode 206 : Resource pxw2flou.spl doesn't exist.
pxl2mait.itm : Opcode 206 : Resource pxw2flox.spl doesn't exist.
pxl2mait.itm : Opcode 206 : Resource pxw2floy.spl doesn't exist.
pxl2mait.itm : Opcode 206 : Resource pxg2fl5.spl doesn't exist.
pxl2mait.itm : Opcode 206 : Resource pxg2fl6.spl doesn't exist.
pxl2mait.itm : Opcode 206 : Resource pxg2fl7.spl doesn't exist.
pxl2mait.itm : Opcode 206 : Resource pxg2fl8.spl doesn't exist.
pxl2mait.itm : Opcode 206 : Resource pxg2fl9.spl doesn't exist.
pxl2mait.itm : Opcode 206 : Resource pxg2fl10.spl doesn't exist.
pxl2mait.itm : Opcode 206 : Resource pxg2fl11.spl doesn't exist.
pxl2mait.itm : Opcode 206 : Resource pxg2fl12.spl doesn't exist.
pxl2mait.itm : Opcode 206 : Resource pxg2fl13.spl doesn't exist.
pxl2mait.itm : Opcode 206 : Resource pxg2fl14.spl doesn't exist.
pxl2mait.itm : Opcode 206 : Resource pxg2fl15.spl doesn't exist.
pxl2mait.itm : Opcode 206 : Resource pxg2fl16.spl doesn't exist.
pxl2mait.itm : Opcode 206 : Resource pxg2fl17.spl doesn't exist.
pxl2mait.itm : Opcode 206 : Resource pxg2fl18.spl doesn't exist.
pxl2mait.itm : Opcode 206 : Resource pxg2fl19.spl doesn't exist.
pxl2mait.itm : Opcode 206 : Resource pxg2fl20.spl doesn't exist.
pxl2aant.itm : Opcode 180 : Resource .itm doesn't exist.
pxl2capu.itm : Immunity to Charm: Opcode 206 with resref SPIN883 not found.
pxl2dbro.itm : Opcode 0: parameter1 equal to 0 for a bonus/malus to the armor class.
pxl2dbro.itm : Opcode 0: parameter1 equal to 0 for a bonus/malus to the armor class.
pxl2dbro.itm : Opcode 0: parameter1 equal to 0 for a bonus/malus to the armor class.
pxl2dcon.itm : Opcode 206 : Resource d0qpmgaz.spl doesn't exist.
pxl2dcon.itm : Opcode 206 : Resource a7#tgaz.spl doesn't exist.
pxl2dcon.itm : Opcode 206 : Resource bodgasf.spl doesn't exist.
pxl2dcon.itm : Opcode 206 : Resource dw#vmgas.spl doesn't exist.
pxl2dcon.itm : Opcode 206 : Resource fl#ultgz.spl doesn't exist.
pxl2dcon.itm : Opcode 206 : Resource rr#dgaze.spl doesn't exist.
pxl2dcon.itm : Opcode 206 : Resource rr#mmsgf.spl doesn't exist.
pxl2dcon.itm : Opcode 206 : Resource rr#tgaze.spl doesn't exist.
pxl2dcon.itm : Opcode 206 : Resource spin184.spl doesn't exist.
pxl2dcon.itm : Opcode 206 : Resource d0qpmgaz.spl doesn't exist.
pxl2dcon.itm : Opcode 206 : Resource a7#tgaz.spl doesn't exist.
pxl2dcon.itm : Opcode 206 : Resource bodgasf.spl doesn't exist.
pxl2dcon.itm : Opcode 206 : Resource dw#vmgas.spl doesn't exist.
pxl2dcon.itm : Opcode 206 : Resource fl#ultgz.spl doesn't exist.
pxl2dcon.itm : Opcode 206 : Resource rr#dgaze.spl doesn't exist.
pxl2dcon.itm : Opcode 206 : Resource rr#mmsgf.spl doesn't exist.
pxl2dcon.itm : Opcode 206 : Resource rr#tgaze.spl doesn't exist.
pxl2dcon.itm : Opcode 206 : Resource spin184.spl doesn't exist.
pxl2akam.itm : Opcode 25: This effect does not work with Timing Mode 1.
pxl2frmf.itm : Opcode 206 : Resource dvshille.spl doesn't exist.
pxl2frmf.itm : Opcode 206 : Resource dvsmound.spl doesn't exist.
pxl2frmf.itm : Opcode 206 : Resource pxb7afe1.spl doesn't exist.
pxl2frmf.itm : Opcode 206 : Resource pxb7ays2.spl doesn't exist.
pxl2frmf.itm : Opcode 206 : Resource dvshille.spl doesn't exist.
pxl2frmf.itm : Opcode 206 : Resource dvsmound.spl doesn't exist.
pxl2frmf.itm : Opcode 206 : Resource pxb7afe1.spl doesn't exist.
pxl2frmf.itm : Opcode 206 : Resource pxb7ays2.spl doesn't exist.
