
pxl2mem2.spl : Opcode 324 : no effect : duration 0
pxl2mem2.spl : Opcode 324 : no effect : duration 0
pxl2pbru.spl : Opcode 146 : Resource pxl2pbr2.spl doesn't exist.
pxl2pbru.spl : Resource PXL2PBR2.spl doesn't exist.
pxl2pbru.spl : Opcode 146 : Resource pxl2pbr3.spl doesn't exist.
pxl2pbru.spl : Resource PXL2PBR3.spl doesn't exist.
pxl2prag.spl : Opcode 206 : Resource pxw4rage.spl doesn't exist.
pxl2prag.spl : Opcode 206 : Resource pxw4ragv.spl doesn't exist.
pxl2prag.spl : Opcode 206 : Resource pxw4rax2.spl doesn't exist.
pxl2prag.spl : Opcode 206 : Resource pxw4ragy.spl doesn't exist.
pxl2prag.spl : Opcode 206 : Resource pxw4ragx.spl doesn't exist.
pxl2prag.spl : Opcode 206 : Resource pxw4ra2g.spl doesn't exist.
pxl2prag.spl : Opcode 206 : Resource pxw4ra2y.spl doesn't exist.
pxl2prag.spl : Opcode 206 : Resource pxw4rage.spl doesn't exist.
pxl2prag.spl : Opcode 206 : Resource pxw4ragv.spl doesn't exist.
pxl2prag.spl : Opcode 206 : Resource pxw4rax2.spl doesn't exist.
pxl2prag.spl : Opcode 206 : Resource pxw4ragy.spl doesn't exist.
pxl2prag.spl : Opcode 206 : Resource pxw4ragx.spl doesn't exist.
pxl2prag.spl : Opcode 206 : Resource pxw4ra2g.spl doesn't exist.
pxl2prag.spl : Opcode 206 : Resource pxw4ra2y.spl doesn't exist.
pxl2ptrc.spl : Opcode 12: Unknown damage type : 268435456.
pxl2vr53.spl : Opcode 177 : Resource cdelfcm7.eff doesn't exist.
pxl2vr53.spl : Opcode 177 : Resource cdelfcm7.eff doesn't exist.
pxl2vr54.spl : Opcode 12: Unknown damage type : 268435456.
pxl2vr61.spl : Opcode 206 : Resource spdr401a.spl doesn't exist.
pxl2vr61.spl : Opcode 206 : Resource spin687a.spl doesn't exist.
pxl2vr61.spl : Opcode 206 : Resource spin698a.spl doesn't exist.
pxl2vr61.spl : Opcode 206 : Resource spwi405a.spl doesn't exist.
pxl2vr61.spl : Opcode 206 : Resource spwi505a.spl doesn't exist.
pxl2vr61.spl : Opcode 206 : Resource spwi607a.spl doesn't exist.
pxl2vr61.spl : Opcode 206 : Resource spwi721a.spl doesn't exist.
pxl2vr61.spl : Opcode 206 : Resource balth10a.spl doesn't exist.
pxl2vr61.spl : Opcode 206 : Resource spin544a.spl doesn't exist.
pxl2vr61.spl : Opcode 206 : Resource spdr401a.spl doesn't exist.
pxl2vr61.spl : Opcode 206 : Resource spin687a.spl doesn't exist.
pxl2vr61.spl : Opcode 206 : Resource spin698a.spl doesn't exist.
pxl2vr61.spl : Opcode 206 : Resource spwi405a.spl doesn't exist.
pxl2vr61.spl : Opcode 206 : Resource spwi505a.spl doesn't exist.
pxl2vr61.spl : Opcode 206 : Resource spwi607a.spl doesn't exist.
pxl2vr61.spl : Opcode 206 : Resource spwi721a.spl doesn't exist.
pxl2vr61.spl : Opcode 206 : Resource balth10a.spl doesn't exist.
pxl2vr61.spl : Opcode 206 : Resource spin544a.spl doesn't exist.
pxl2vr61.spl : Opcode 206 : Resource spdr401a.spl doesn't exist.
pxl2vr61.spl : Opcode 206 : Resource spin687a.spl doesn't exist.
pxl2vr61.spl : Opcode 206 : Resource spin698a.spl doesn't exist.
pxl2vr61.spl : Opcode 206 : Resource spwi405a.spl doesn't exist.
pxl2vr61.spl : Opcode 206 : Resource spwi505a.spl doesn't exist.
pxl2vr61.spl : Opcode 206 : Resource spwi607a.spl doesn't exist.
pxl2vr61.spl : Opcode 206 : Resource spwi721a.spl doesn't exist.
pxl2vr61.spl : Opcode 206 : Resource balth10a.spl doesn't exist.
pxl2vr61.spl : Opcode 206 : Resource spin544a.spl doesn't exist.
pxl2vr61.spl : Opcode 206 : Resource spdr401a.spl doesn't exist.
pxl2vr61.spl : Opcode 206 : Resource spin687a.spl doesn't exist.
pxl2vr61.spl : Opcode 206 : Resource spin698a.spl doesn't exist.
pxl2vr61.spl : Opcode 206 : Resource spwi405a.spl doesn't exist.
pxl2vr61.spl : Opcode 206 : Resource spwi505a.spl doesn't exist.
pxl2vr61.spl : Opcode 206 : Resource spwi607a.spl doesn't exist.
pxl2vr61.spl : Opcode 206 : Resource spwi721a.spl doesn't exist.
pxl2vr61.spl : Opcode 206 : Resource balth10a.spl doesn't exist.
pxl2vr61.spl : Opcode 206 : Resource spin544a.spl doesn't exist.
pxl2vr61.spl : Opcode 206 : Resource spdr401a.spl doesn't exist.
pxl2vr61.spl : Opcode 206 : Resource spin687a.spl doesn't exist.
pxl2vr61.spl : Opcode 206 : Resource spin698a.spl doesn't exist.
pxl2vr61.spl : Opcode 206 : Resource spwi405a.spl doesn't exist.
pxl2vr61.spl : Opcode 206 : Resource spwi505a.spl doesn't exist.
pxl2vr61.spl : Opcode 206 : Resource spwi607a.spl doesn't exist.
pxl2vr61.spl : Opcode 206 : Resource spwi721a.spl doesn't exist.
pxl2vr61.spl : Opcode 206 : Resource balth10a.spl doesn't exist.
pxl2vr61.spl : Opcode 206 : Resource spin544a.spl doesn't exist.
pxl2vr61.spl : Opcode 206 : Resource spdr401a.spl doesn't exist.
pxl2vr61.spl : Opcode 206 : Resource spin687a.spl doesn't exist.
pxl2vr61.spl : Opcode 206 : Resource spin698a.spl doesn't exist.
pxl2vr61.spl : Opcode 206 : Resource spwi405a.spl doesn't exist.
pxl2vr61.spl : Opcode 206 : Resource spwi505a.spl doesn't exist.
pxl2vr61.spl : Opcode 206 : Resource spwi607a.spl doesn't exist.
pxl2vr61.spl : Opcode 206 : Resource spwi721a.spl doesn't exist.
pxl2vr61.spl : Opcode 206 : Resource balth10a.spl doesn't exist.
pxl2vr61.spl : Opcode 206 : Resource spin544a.spl doesn't exist.
pxl2vr61.spl : Opcode 206 : Resource spdr401a.spl doesn't exist.
pxl2vr61.spl : Opcode 206 : Resource spin687a.spl doesn't exist.
pxl2vr61.spl : Opcode 206 : Resource spin698a.spl doesn't exist.
pxl2vr61.spl : Opcode 206 : Resource spwi405a.spl doesn't exist.
pxl2vr61.spl : Opcode 206 : Resource spwi505a.spl doesn't exist.
pxl2vr61.spl : Opcode 206 : Resource spwi607a.spl doesn't exist.
pxl2vr61.spl : Opcode 206 : Resource spwi721a.spl doesn't exist.
pxl2vr61.spl : Opcode 206 : Resource balth10a.spl doesn't exist.
pxl2vr61.spl : Opcode 206 : Resource spin544a.spl doesn't exist.
pxl2vr61.spl : Opcode 206 : Resource spdr401a.spl doesn't exist.
pxl2vr61.spl : Opcode 206 : Resource spin687a.spl doesn't exist.
pxl2vr61.spl : Opcode 206 : Resource spin698a.spl doesn't exist.
pxl2vr61.spl : Opcode 206 : Resource spwi405a.spl doesn't exist.
pxl2vr61.spl : Opcode 206 : Resource spwi505a.spl doesn't exist.
pxl2vr61.spl : Opcode 206 : Resource spwi607a.spl doesn't exist.
pxl2vr61.spl : Opcode 206 : Resource spwi721a.spl doesn't exist.
pxl2vr61.spl : Opcode 206 : Resource balth10a.spl doesn't exist.
pxl2vr61.spl : Opcode 206 : Resource spin544a.spl doesn't exist.
pxl2vr61.spl : Opcode 206 : Resource spdr401a.spl doesn't exist.
pxl2vr61.spl : Opcode 206 : Resource spin687a.spl doesn't exist.
pxl2vr61.spl : Opcode 206 : Resource spin698a.spl doesn't exist.
pxl2vr61.spl : Opcode 206 : Resource spwi405a.spl doesn't exist.
pxl2vr61.spl : Opcode 206 : Resource spwi505a.spl doesn't exist.
pxl2vr61.spl : Opcode 206 : Resource spwi607a.spl doesn't exist.
pxl2vr61.spl : Opcode 206 : Resource spwi721a.spl doesn't exist.
pxl2vr61.spl : Opcode 206 : Resource balth10a.spl doesn't exist.
pxl2vr61.spl : Opcode 206 : Resource spin544a.spl doesn't exist.
pxl2vr61.spl : Opcode 146 : Resource spwi607a.spl doesn't exist.
pxl2vr61.spl : Resource SPWI607A.spl doesn't exist.
pxl2vr61.spl : Opcode 206 : Resource spdr401a.spl doesn't exist.
pxl2vr61.spl : Opcode 206 : Resource spin687a.spl doesn't exist.
pxl2vr61.spl : Opcode 206 : Resource spin698a.spl doesn't exist.
pxl2vr61.spl : Opcode 206 : Resource spwi405a.spl doesn't exist.
pxl2vr61.spl : Opcode 206 : Resource spwi505a.spl doesn't exist.
pxl2vr61.spl : Opcode 206 : Resource spwi607a.spl doesn't exist.
pxl2vr61.spl : Opcode 206 : Resource spwi721a.spl doesn't exist.
pxl2vr61.spl : Opcode 206 : Resource balth10a.spl doesn't exist.
pxl2vr61.spl : Opcode 206 : Resource spin544a.spl doesn't exist.
pxl2haf3.spl : Opcode 206 : Resource sppr322.spl doesn't exist.
pxl2haf3.spl : Opcode 206 : Resource sppr421.spl doesn't exist.
pxl2haf3.spl : Opcode 206 : Resource sppr322.spl doesn't exist.
pxl2haf3.spl : Opcode 206 : Resource sppr421.spl doesn't exist.
pxl2aen2.spl : Opcode 12: Unknown damage type : 268435456.
pxl2bson.spl : Opcode 12: Unknown damage type : 268435456.
pxl2bson.spl : Opcode 12: Unknown damage type : 268435456.
pxl2bson.spl : Opcode 12: Unknown damage type : 268435456.
pxl2bson.spl : Opcode 12: Unknown damage type : 268435456.
pxl2bson.spl : Opcode 12: Unknown damage type : 268435456.
pxl2bson.spl : Opcode 12: Unknown damage type : 268435456.
