
BHAAL1B.SPL : Niveau minimum non calculable
OHNRDTEL.SPL : FAILURE: Unknown macro: opcode_self_68
PXL2NAT9.SPL : FAILURE: Sys_error("AutoDescription/log/french-bg2ee-all-spells-diff.html: Invalid argument")
PXL2PO27.SPL : FAILURE: Unknown macro: opcode_target_301
PXL2PO27.SPL : FAILURE: Unknown macro: opcode_target_301
PXL2PO27.SPL : FAILURE: Unknown macro: opcode_target_301
SPCL103.SPL : Niveau minimum non calculable
SPCL121.SPL : Opcode 54: Invalid target : 255
SPCL121.SPL : Opcode 44: Invalid target : 255
SPCL121.SPL : Opcode 12: Invalid target : 255
SPCL238.SPL : Niveau minimum non calculable
SPCL622.SPL : Niveau minimum non calculable
SPCL623.SPL : Niveau minimum non calculable
SPCL624.SPL : Niveau minimum non calculable
SPCL625.SPL : Niveau minimum non calculable
SPDR101.SPL : Niveau minimum non calculable
SPIN654.SPL : FAILURE: Sys_error("AutoDescription/log/french-bg2ee-all-spells-diff.html: Invalid argument")
SPPR411.SPL : Niveau minimum non calculable
SPPR411.SPL : Niveau minimum non calculable
SPWI118.SPL : Niveau minimum non calculable
SPWI127.SPL : Niveau minimum non calculable
SPWI417.SPL : FAILURE: Unknown macro: opcode_target_345
SPWI422.SPL : FAILURE: Unknown macro: opcode_target_214
SPWI526.SPL : Niveau minimum non calculable
SPWI528.SPL : FAILURE: Unknown macro: opcode_target_214
SPWI530.SPL : FAILURE: Unknown macro: opcode_target_301
SPWI530.SPL : FAILURE: Unknown macro: opcode_target_301
SPWI530.SPL : FAILURE: Unknown macro: opcode_target_301
SPWI634.SPL : Opcode 221 : Invalid Maximum Level 0.
SPWI634.SPL : Opcode 221 : Invalid Maximum Level 0.
SPWI634.SPL : Opcode 221 : Invalid Maximum Level 0.
SPWI634.SPL : Opcode 221 : Invalid Maximum Level 0.
SPWI634.SPL : Opcode 221 : Invalid Maximum Level 0.
SPWI634.SPL : Opcode 221 : Invalid Maximum Level 0.
SPWI634.SPL : Opcode 221 : Invalid Maximum Level 0.
SPWI634.SPL : Opcode 221 : Invalid Maximum Level 0.
SPWI634.SPL : Opcode 221 : Invalid Maximum Level 0.
SPWI634.SPL : opcode 205: Traduction 100214 manquante
SPWI711.SPL : FAILURE: Unknown macro: opcode_target_probability_111
SPWI737.SPL : FAILURE: Unknown macro: opcode_target_301
SPWI825.SPL : FAILURE: Unknown macro: opcode_target_180
