
OHBPR608.SPL : Opcode 111: Resource key is empty.
OHTYR1.SPL : Opcode 321 : no sppr422.spl or sppr422.itm found
PXL2AEN2.SPL : Opcode 12: Unknown damage type : 268435456.
PXL2BSON.SPL : Opcode 12: Unknown damage type : 268435456.
PXL2BSON.SPL : Opcode 12: Unknown damage type : 268435456.
PXL2BSON.SPL : Opcode 12: Unknown damage type : 268435456.
PXL2BSON.SPL : Opcode 12: Unknown damage type : 268435456.
PXL2BSON.SPL : Opcode 12: Unknown damage type : 268435456.
PXL2BSON.SPL : Opcode 12: Unknown damage type : 268435456.
PXL2HAF2.SPL : Opcode 324 : no effect : duration 0
PXL2HAF3.SPL : Opcode 206 : Resource sppr322.spl doesn't exist.
PXL2HAF3.SPL : Opcode 206 : Resource sppr421.spl doesn't exist.
PXL2HAF3.SPL : Opcode 206 : Resource sppr322.spl doesn't exist.
PXL2HAF3.SPL : Opcode 206 : Resource sppr421.spl doesn't exist.
PXL2IMO2.SPL : Opcode 324 : no effect : duration 0
PXL2IMO2.SPL : Opcode 324 : no effect : duration 0
PXL2IRA1.SPL : Opcode 324 : no effect : duration 0
PXL2IRA1.SPL : Opcode 324 : no effect : duration 0
PXL2IRA1.SPL : Opcode 324 : no effect : duration 0
PXL2IRA9.SPL : Opcode 324 : no effect : duration 0
PXL2IRA9.SPL : Opcode 324 : no effect : duration 0
PXL2MEM2.SPL : Opcode 324 : no effect : duration 0
PXL2MEM2.SPL : Opcode 324 : no effect : duration 0
PXL2NAT0.SPL : Opcode 324 : no effect : duration 0
PXL2NAT0.SPL : Opcode 324 : no effect : duration 0
PXL2P403.SPL : Opcode 206 : Resource cdsw1h58.spl doesn't exist.
PXL2P403.SPL : Opcode 206 : Resource cdmound.spl doesn't exist.
PXL2P403.SPL : Opcode 206 : Resource cdhgnya1.spl doesn't exist.
PXL2P403.SPL : Opcode 206 : Resource cdsw1h58.spl doesn't exist.
PXL2P403.SPL : Opcode 206 : Resource cdmound.spl doesn't exist.
PXL2P403.SPL : Opcode 206 : Resource cdhgnya1.spl doesn't exist.
PXL2P403.SPL : Opcode 206 : Resource cdsw1h58.spl doesn't exist.
PXL2P403.SPL : Opcode 206 : Resource cdmound.spl doesn't exist.
PXL2P403.SPL : Opcode 206 : Resource cdhgnya1.spl doesn't exist.
PXL2P403.SPL : Opcode 206 : Resource cdsw1h58.spl doesn't exist.
PXL2P403.SPL : Opcode 206 : Resource cdmound.spl doesn't exist.
PXL2P403.SPL : Opcode 206 : Resource cdhgnya1.spl doesn't exist.
PXL2P403.SPL : Opcode 206 : Resource cdsw1h58.spl doesn't exist.
PXL2P403.SPL : Opcode 206 : Resource cdmound.spl doesn't exist.
PXL2P403.SPL : Opcode 206 : Resource cdhgnya1.spl doesn't exist.
PXL2P403.SPL : Opcode 206 : Resource cdsw1h58.spl doesn't exist.
PXL2P403.SPL : Opcode 206 : Resource cdmound.spl doesn't exist.
PXL2P403.SPL : Opcode 206 : Resource cdhgnya1.spl doesn't exist.
PXL2P403.SPL : Opcode 206 : Resource cdsw1h58.spl doesn't exist.
PXL2P403.SPL : Opcode 206 : Resource cdmound.spl doesn't exist.
PXL2P403.SPL : Opcode 206 : Resource cdhgnya1.spl doesn't exist.
PXL2P403.SPL : Opcode 206 : Resource cdsw1h58.spl doesn't exist.
PXL2P403.SPL : Opcode 206 : Resource cdmound.spl doesn't exist.
PXL2P403.SPL : Opcode 206 : Resource cdhgnya1.spl doesn't exist.
PXL2P403.SPL : Opcode 206 : Resource cdsw1h58.spl doesn't exist.
PXL2P403.SPL : Opcode 206 : Resource cdmound.spl doesn't exist.
PXL2P403.SPL : Opcode 206 : Resource cdhgnya1.spl doesn't exist.
PXL2P403.SPL : Opcode 206 : Resource cdsw1h58.spl doesn't exist.
PXL2P403.SPL : Opcode 206 : Resource cdmound.spl doesn't exist.
PXL2P403.SPL : Opcode 206 : Resource cdhgnya1.spl doesn't exist.
PXL2P403.SPL : Opcode 206 : Resource cdsw1h58.spl doesn't exist.
PXL2P403.SPL : Opcode 206 : Resource cdmound.spl doesn't exist.
PXL2P403.SPL : Opcode 206 : Resource cdhgnya1.spl doesn't exist.
PXL2P403.SPL : Opcode 206 : Resource cdsw1h58.spl doesn't exist.
PXL2P403.SPL : Opcode 206 : Resource cdmound.spl doesn't exist.
PXL2P403.SPL : Opcode 206 : Resource cdhgnya1.spl doesn't exist.
PXL2P403.SPL : Opcode 206 : Resource cdsw1h58.spl doesn't exist.
PXL2P403.SPL : Opcode 206 : Resource cdmound.spl doesn't exist.
PXL2P403.SPL : Opcode 206 : Resource cdhgnya1.spl doesn't exist.
PXL2P403.SPL : Opcode 206 : Resource cdsw1h58.spl doesn't exist.
PXL2P403.SPL : Opcode 206 : Resource cdmound.spl doesn't exist.
PXL2P403.SPL : Opcode 206 : Resource cdhgnya1.spl doesn't exist.
PXL2P403.SPL : Opcode 206 : Resource cdsw1h58.spl doesn't exist.
PXL2P403.SPL : Opcode 206 : Resource cdmound.spl doesn't exist.
PXL2P403.SPL : Opcode 206 : Resource cdhgnya1.spl doesn't exist.
PXL2PBRU.SPL : Opcode 146 : Resource pxl2pbr2.spl doesn't exist.
PXL2PBRU.SPL : Resource PXL2PBR2.spl doesn't exist.
PXL2PBRU.SPL : Opcode 146 : Resource pxl2pbr3.spl doesn't exist.
PXL2PBRU.SPL : Resource PXL2PBR3.spl doesn't exist.
PXL2PRAG.SPL : Opcode 206 : Resource pxw4rage.spl doesn't exist.
PXL2PRAG.SPL : Opcode 206 : Resource pxw4ragv.spl doesn't exist.
PXL2PRAG.SPL : Opcode 206 : Resource pxw4rax2.spl doesn't exist.
PXL2PRAG.SPL : Opcode 206 : Resource pxw4ragy.spl doesn't exist.
PXL2PRAG.SPL : Opcode 206 : Resource pxw4ragx.spl doesn't exist.
PXL2PRAG.SPL : Opcode 206 : Resource pxw4ra2g.spl doesn't exist.
PXL2PRAG.SPL : Opcode 206 : Resource pxw4ra2y.spl doesn't exist.
PXL2PRAG.SPL : Opcode 206 : Resource pxw4rage.spl doesn't exist.
PXL2PRAG.SPL : Opcode 206 : Resource pxw4ragv.spl doesn't exist.
PXL2PRAG.SPL : Opcode 206 : Resource pxw4rax2.spl doesn't exist.
PXL2PRAG.SPL : Opcode 206 : Resource pxw4ragy.spl doesn't exist.
PXL2PRAG.SPL : Opcode 206 : Resource pxw4ragx.spl doesn't exist.
PXL2PRAG.SPL : Opcode 206 : Resource pxw4ra2g.spl doesn't exist.
PXL2PRAG.SPL : Opcode 206 : Resource pxw4ra2y.spl doesn't exist.
PXL2PTRC.SPL : Opcode 12: Unknown damage type : 268435456.
PXL2SCP2.SPL : Opcode 12: Unknown damage type : 268435456.
PXL2VR53.SPL : Opcode 177 : Resource cdelfcm7.eff doesn't exist.
PXL2VR53.SPL : Opcode 177 : Resource cdelfcm7.eff doesn't exist.
PXL2VR54.SPL : Opcode 12: Unknown damage type : 268435456.
PXL2VR61.SPL : Opcode 206 : Resource spdr401a.spl doesn't exist.
PXL2VR61.SPL : Opcode 206 : Resource spin687a.spl doesn't exist.
PXL2VR61.SPL : Opcode 206 : Resource spin698a.spl doesn't exist.
PXL2VR61.SPL : Opcode 206 : Resource spwi405a.spl doesn't exist.
PXL2VR61.SPL : Opcode 206 : Resource spwi505a.spl doesn't exist.
PXL2VR61.SPL : Opcode 206 : Resource spwi607a.spl doesn't exist.
PXL2VR61.SPL : Opcode 206 : Resource spwi721a.spl doesn't exist.
PXL2VR61.SPL : Opcode 206 : Resource balth10a.spl doesn't exist.
PXL2VR61.SPL : Opcode 206 : Resource spin544a.spl doesn't exist.
PXL2VR61.SPL : Opcode 206 : Resource spdr401a.spl doesn't exist.
PXL2VR61.SPL : Opcode 206 : Resource spin687a.spl doesn't exist.
PXL2VR61.SPL : Opcode 206 : Resource spin698a.spl doesn't exist.
PXL2VR61.SPL : Opcode 206 : Resource spwi405a.spl doesn't exist.
PXL2VR61.SPL : Opcode 206 : Resource spwi505a.spl doesn't exist.
PXL2VR61.SPL : Opcode 206 : Resource spwi607a.spl doesn't exist.
PXL2VR61.SPL : Opcode 206 : Resource spwi721a.spl doesn't exist.
PXL2VR61.SPL : Opcode 206 : Resource balth10a.spl doesn't exist.
PXL2VR61.SPL : Opcode 206 : Resource spin544a.spl doesn't exist.
PXL2VR61.SPL : Opcode 206 : Resource spdr401a.spl doesn't exist.
PXL2VR61.SPL : Opcode 206 : Resource spin687a.spl doesn't exist.
PXL2VR61.SPL : Opcode 206 : Resource spin698a.spl doesn't exist.
PXL2VR61.SPL : Opcode 206 : Resource spwi405a.spl doesn't exist.
PXL2VR61.SPL : Opcode 206 : Resource spwi505a.spl doesn't exist.
PXL2VR61.SPL : Opcode 206 : Resource spwi607a.spl doesn't exist.
PXL2VR61.SPL : Opcode 206 : Resource spwi721a.spl doesn't exist.
PXL2VR61.SPL : Opcode 206 : Resource balth10a.spl doesn't exist.
PXL2VR61.SPL : Opcode 206 : Resource spin544a.spl doesn't exist.
PXL2VR61.SPL : Opcode 206 : Resource spdr401a.spl doesn't exist.
PXL2VR61.SPL : Opcode 206 : Resource spin687a.spl doesn't exist.
PXL2VR61.SPL : Opcode 206 : Resource spin698a.spl doesn't exist.
PXL2VR61.SPL : Opcode 206 : Resource spwi405a.spl doesn't exist.
PXL2VR61.SPL : Opcode 206 : Resource spwi505a.spl doesn't exist.
PXL2VR61.SPL : Opcode 206 : Resource spwi607a.spl doesn't exist.
PXL2VR61.SPL : Opcode 206 : Resource spwi721a.spl doesn't exist.
PXL2VR61.SPL : Opcode 206 : Resource balth10a.spl doesn't exist.
PXL2VR61.SPL : Opcode 206 : Resource spin544a.spl doesn't exist.
PXL2VR61.SPL : Opcode 206 : Resource spdr401a.spl doesn't exist.
PXL2VR61.SPL : Opcode 206 : Resource spin687a.spl doesn't exist.
PXL2VR61.SPL : Opcode 206 : Resource spin698a.spl doesn't exist.
PXL2VR61.SPL : Opcode 206 : Resource spwi405a.spl doesn't exist.
PXL2VR61.SPL : Opcode 206 : Resource spwi505a.spl doesn't exist.
PXL2VR61.SPL : Opcode 206 : Resource spwi607a.spl doesn't exist.
PXL2VR61.SPL : Opcode 206 : Resource spwi721a.spl doesn't exist.
PXL2VR61.SPL : Opcode 206 : Resource balth10a.spl doesn't exist.
PXL2VR61.SPL : Opcode 206 : Resource spin544a.spl doesn't exist.
PXL2VR61.SPL : Opcode 206 : Resource spdr401a.spl doesn't exist.
PXL2VR61.SPL : Opcode 206 : Resource spin687a.spl doesn't exist.
PXL2VR61.SPL : Opcode 206 : Resource spin698a.spl doesn't exist.
PXL2VR61.SPL : Opcode 206 : Resource spwi405a.spl doesn't exist.
PXL2VR61.SPL : Opcode 206 : Resource spwi505a.spl doesn't exist.
PXL2VR61.SPL : Opcode 206 : Resource spwi607a.spl doesn't exist.
PXL2VR61.SPL : Opcode 206 : Resource spwi721a.spl doesn't exist.
PXL2VR61.SPL : Opcode 206 : Resource balth10a.spl doesn't exist.
PXL2VR61.SPL : Opcode 206 : Resource spin544a.spl doesn't exist.
PXL2VR61.SPL : Opcode 206 : Resource spdr401a.spl doesn't exist.
PXL2VR61.SPL : Opcode 206 : Resource spin687a.spl doesn't exist.
PXL2VR61.SPL : Opcode 206 : Resource spin698a.spl doesn't exist.
PXL2VR61.SPL : Opcode 206 : Resource spwi405a.spl doesn't exist.
PXL2VR61.SPL : Opcode 206 : Resource spwi505a.spl doesn't exist.
PXL2VR61.SPL : Opcode 206 : Resource spwi607a.spl doesn't exist.
PXL2VR61.SPL : Opcode 206 : Resource spwi721a.spl doesn't exist.
PXL2VR61.SPL : Opcode 206 : Resource balth10a.spl doesn't exist.
PXL2VR61.SPL : Opcode 206 : Resource spin544a.spl doesn't exist.
PXL2VR61.SPL : Opcode 206 : Resource spdr401a.spl doesn't exist.
PXL2VR61.SPL : Opcode 206 : Resource spin687a.spl doesn't exist.
PXL2VR61.SPL : Opcode 206 : Resource spin698a.spl doesn't exist.
PXL2VR61.SPL : Opcode 206 : Resource spwi405a.spl doesn't exist.
PXL2VR61.SPL : Opcode 206 : Resource spwi505a.spl doesn't exist.
PXL2VR61.SPL : Opcode 206 : Resource spwi607a.spl doesn't exist.
PXL2VR61.SPL : Opcode 206 : Resource spwi721a.spl doesn't exist.
PXL2VR61.SPL : Opcode 206 : Resource balth10a.spl doesn't exist.
PXL2VR61.SPL : Opcode 206 : Resource spin544a.spl doesn't exist.
PXL2VR61.SPL : Opcode 206 : Resource spdr401a.spl doesn't exist.
PXL2VR61.SPL : Opcode 206 : Resource spin687a.spl doesn't exist.
PXL2VR61.SPL : Opcode 206 : Resource spin698a.spl doesn't exist.
PXL2VR61.SPL : Opcode 206 : Resource spwi405a.spl doesn't exist.
PXL2VR61.SPL : Opcode 206 : Resource spwi505a.spl doesn't exist.
PXL2VR61.SPL : Opcode 206 : Resource spwi607a.spl doesn't exist.
PXL2VR61.SPL : Opcode 206 : Resource spwi721a.spl doesn't exist.
PXL2VR61.SPL : Opcode 206 : Resource balth10a.spl doesn't exist.
PXL2VR61.SPL : Opcode 206 : Resource spin544a.spl doesn't exist.
PXL2VR61.SPL : Opcode 146 : Resource spwi607a.spl doesn't exist.
PXL2VR61.SPL : Resource SPWI607A.spl doesn't exist.
PXL2VR61.SPL : Opcode 206 : Resource spdr401a.spl doesn't exist.
PXL2VR61.SPL : Opcode 206 : Resource spin687a.spl doesn't exist.
PXL2VR61.SPL : Opcode 206 : Resource spin698a.spl doesn't exist.
PXL2VR61.SPL : Opcode 206 : Resource spwi405a.spl doesn't exist.
PXL2VR61.SPL : Opcode 206 : Resource spwi505a.spl doesn't exist.
PXL2VR61.SPL : Opcode 206 : Resource spwi607a.spl doesn't exist.
PXL2VR61.SPL : Opcode 206 : Resource spwi721a.spl doesn't exist.
PXL2VR61.SPL : Opcode 206 : Resource balth10a.spl doesn't exist.
PXL2VR61.SPL : Opcode 206 : Resource spin544a.spl doesn't exist.
PXL2W502.SPL : Opcode 324 : no effect : duration 0
PXL2W502.SPL : Opcode 324 : no effect : duration 0
SPCL909.SPL : Opcode 235: has no effect : levelMin (10) > levelMax (2) 
SPCL909.SPL : Opcode 45: has no effect : levelMin (10) > levelMax (2) 
SPCL909.SPL : Opcode 235: has no effect : levelMin (10) > levelMax (2) 
SPCL909.SPL : Opcode 45: has no effect : levelMin (10) > levelMax (2) 
SPIN530.SPL : Opcode 173 : No change detected Value = Value + 0.
SPIN853.SPL : Opcode 206 : Resource cdmound.spl doesn't exist.
SPIN853.SPL : Opcode 206 : Resource cdhgnya1.spl doesn't exist.
SPIN853.SPL : Opcode 206 : Resource cdsw1h58.spl doesn't exist.
SPIN853.SPL : Opcode 206 : Resource cdmound.spl doesn't exist.
SPIN853.SPL : Opcode 206 : Resource cdhgnya1.spl doesn't exist.
SPIN944.SPL : Opcode 324 : no effect : duration 0
SPPR350.SPL : Opcode 321 : no bdaurafe.spl or bdaurafe.itm found
SPPR350.SPL : Opcode 321 : no bdmycsp1.spl or bdmycsp1.itm found
SPPR350.SPL : Opcode 321 : no bdmycsp2.spl or bdmycsp2.itm found
SPPR403.SPL : Opcode 206 : Resource cdsw1h58.spl doesn't exist.
SPPR403.SPL : Opcode 206 : Resource cdmound.spl doesn't exist.
SPPR403.SPL : Opcode 206 : Resource cdhgnya1.spl doesn't exist.
SPPR403.SPL : Opcode 206 : Resource cdsw1h58.spl doesn't exist.
SPPR403.SPL : Opcode 206 : Resource cdmound.spl doesn't exist.
SPPR403.SPL : Opcode 206 : Resource cdhgnya1.spl doesn't exist.
SPPR403.SPL : Opcode 206 : Resource cdsw1h58.spl doesn't exist.
SPPR403.SPL : Opcode 206 : Resource cdmound.spl doesn't exist.
SPPR403.SPL : Opcode 206 : Resource cdhgnya1.spl doesn't exist.
SPPR403.SPL : Opcode 206 : Resource cdsw1h58.spl doesn't exist.
SPPR403.SPL : Opcode 206 : Resource cdmound.spl doesn't exist.
SPPR403.SPL : Opcode 206 : Resource cdhgnya1.spl doesn't exist.
SPPR403.SPL : Opcode 206 : Resource cdsw1h58.spl doesn't exist.
SPPR403.SPL : Opcode 206 : Resource cdmound.spl doesn't exist.
SPPR403.SPL : Opcode 206 : Resource cdhgnya1.spl doesn't exist.
SPPR403.SPL : Opcode 206 : Resource cdsw1h58.spl doesn't exist.
SPPR403.SPL : Opcode 206 : Resource cdmound.spl doesn't exist.
SPPR403.SPL : Opcode 206 : Resource cdhgnya1.spl doesn't exist.
SPPR403.SPL : Opcode 206 : Resource cdsw1h58.spl doesn't exist.
SPPR403.SPL : Opcode 206 : Resource cdmound.spl doesn't exist.
SPPR403.SPL : Opcode 206 : Resource cdhgnya1.spl doesn't exist.
SPPR403.SPL : Opcode 206 : Resource cdsw1h58.spl doesn't exist.
SPPR403.SPL : Opcode 206 : Resource cdmound.spl doesn't exist.
SPPR403.SPL : Opcode 206 : Resource cdhgnya1.spl doesn't exist.
SPPR403.SPL : Opcode 206 : Resource cdsw1h58.spl doesn't exist.
SPPR403.SPL : Opcode 206 : Resource cdmound.spl doesn't exist.
SPPR403.SPL : Opcode 206 : Resource cdhgnya1.spl doesn't exist.
SPPR403.SPL : Opcode 206 : Resource cdsw1h58.spl doesn't exist.
SPPR403.SPL : Opcode 206 : Resource cdmound.spl doesn't exist.
SPPR403.SPL : Opcode 206 : Resource cdhgnya1.spl doesn't exist.
SPPR403.SPL : Opcode 206 : Resource cdsw1h58.spl doesn't exist.
SPPR403.SPL : Opcode 206 : Resource cdmound.spl doesn't exist.
SPPR403.SPL : Opcode 206 : Resource cdhgnya1.spl doesn't exist.
SPPR403.SPL : Opcode 206 : Resource cdsw1h58.spl doesn't exist.
SPPR403.SPL : Opcode 206 : Resource cdmound.spl doesn't exist.
SPPR403.SPL : Opcode 206 : Resource cdhgnya1.spl doesn't exist.
SPPR403.SPL : Opcode 206 : Resource cdsw1h58.spl doesn't exist.
SPPR403.SPL : Opcode 206 : Resource cdmound.spl doesn't exist.
SPPR403.SPL : Opcode 206 : Resource cdhgnya1.spl doesn't exist.
SPPR403.SPL : Opcode 206 : Resource cdsw1h58.spl doesn't exist.
SPPR403.SPL : Opcode 206 : Resource cdmound.spl doesn't exist.
SPPR403.SPL : Opcode 206 : Resource cdhgnya1.spl doesn't exist.
SPPR403.SPL : Opcode 206 : Resource cdsw1h58.spl doesn't exist.
SPPR403.SPL : Opcode 206 : Resource cdmound.spl doesn't exist.
SPPR403.SPL : Opcode 206 : Resource cdhgnya1.spl doesn't exist.
SPSD02.SPL : Opcode 1: Invalid parameter1 value ([-10 10] expected).
SPWI524.SPL : Opcode 206 : Resource pxl2mexp.spl doesn't exist.
SPWI524.SPL : Opcode 206 : Resource pxl2mexp.spl doesn't exist.
SPWI524.SPL : Opcode 206 : Resource pxl2mexp.spl doesn't exist.
SPWI524.SPL : Opcode 206 : Resource pxl2mexp.spl doesn't exist.
SPWI524.SPL : Opcode 206 : Resource pxl2mexp.spl doesn't exist.
SPWI524.SPL : Opcode 206 : Resource pxl2mexp.spl doesn't exist.
SPWI524.SPL : Opcode 206 : Resource pxl2mexp.spl doesn't exist.
SPWI534.SPL : Opcode 12: Unknown damage type : 268435456.
SPWI634.SPL : Opcode 205: secondary type (14) must be between 0 and 13 inclusive
SPWI825.SPL : Opcode 206 : Resource pxw4rage.spl doesn't exist.
SPWI825.SPL : Opcode 206 : Resource pxw4ragv.spl doesn't exist.
SPWI825.SPL : Opcode 206 : Resource pxw4rax2.spl doesn't exist.
SPWI825.SPL : Opcode 206 : Resource pxw4ragy.spl doesn't exist.
SPWI825.SPL : Opcode 206 : Resource pxw4ragx.spl doesn't exist.
SPWI825.SPL : Opcode 206 : Resource pxw4ra2g.spl doesn't exist.
SPWI825.SPL : Opcode 206 : Resource pxw4ra2y.spl doesn't exist.
SPWI825.SPL : Opcode 206 : Resource pxw4rage.spl doesn't exist.
SPWI825.SPL : Opcode 206 : Resource pxw4ragv.spl doesn't exist.
SPWI825.SPL : Opcode 206 : Resource pxw4rax2.spl doesn't exist.
SPWI825.SPL : Opcode 206 : Resource pxw4ragy.spl doesn't exist.
SPWI825.SPL : Opcode 206 : Resource pxw4ragx.spl doesn't exist.
SPWI825.SPL : Opcode 206 : Resource pxw4ra2g.spl doesn't exist.
SPWI825.SPL : Opcode 206 : Resource pxw4ra2y.spl doesn't exist.
SPWI853.SPL : Opcode 206 : Resource cdsw1h58.spl doesn't exist.
SPWI853.SPL : Opcode 206 : Resource cdmound.spl doesn't exist.
SPWI853.SPL : Opcode 206 : Resource cdhgnya1.spl doesn't exist.
SPWI853.SPL : Opcode 206 : Resource cdsw1h58.spl doesn't exist.
SPWI853.SPL : Opcode 206 : Resource cdmound.spl doesn't exist.
SPWI853.SPL : Opcode 206 : Resource cdhgnya1.spl doesn't exist.
SPWI959.SPL : Opcode 324 : no effect : duration 0
SPWI960.SPL : Opcode 324 : no effect : duration 0
SPWI982.SPL : Opcode 67 : Resource pheogurd.cre doesn't exist.
